<?xml version="1.0" encoding="UTF-8"?>
<testsuite xmlns:xsi="http://www.w3.org/2001/XMLSchema-instance" xsi:noNamespaceSchemaLocation="https://maven.apache.org/surefire/maven-surefire-plugin/xsd/surefire-test-report-3.0.xsd" version="3.0" name="com.itana.crud_csvbackend.CrudCsvBackendApplicationTests" time="13.408" tests="1" errors="0" skipped="0" failures="0">
  <properties>
[...]
</properties>
  <testcase name="contextLoads" classname="com.itana.crud_csvbackend.CrudCsvBackendApplicationTests" time="0.977">
    <system-out><![CDATA[01:09:13.537 [main] INFO org.springframework.test.context.support.AnnotationConfigContextLoaderUtils -- Could not detect default configuration classes for test class [com.itana.crud_csvbackend.CrudCsvBackendApplicationTests]: CrudCsvBackendApplicationTests does not declare any static, non-private, non-final, nested classes annotated with @Configuration.
01:09:13.731 [main] INFO org.springframework.boot.test.context.SpringBootTestContextBootstrapper -- Found @SpringBootConfiguration com.itana.crud_csvbackend.CrudCsvBackendApplication for test class com.itana.crud_csvbackend.CrudCsvBackendApplicationTests
01:09:14.089 [main] INFO org.springframework.boot.devtools.restart.RestartApplicationListener -- Restart disabled due to context in which it is running

  .   ____          _            __ _ _
 /\\ / ___'_ __ _ _(_)_ __  __ _ \ \ \ \
( ( )\___ | '_ | '_| | '_ \/ _` | \ \ \ \
 \\/  ___)| |_)| | | | | || (_| |  ) ) ) )
  '  |____| .__|_| |_|_| |_\__, | / / / /
 =========|_|==============|___/=/_/_/_/
 :: Spring Boot ::                (v3.2.0)

2023-12-19T01:09:14.658-05:00  INFO 10340 --- [CRUD.CSV] [           main] c.i.c.CrudCsvBackendApplicationTests     : Starting CrudCsvBackendApplicationTests using Java 21.0.1 with PID 10340 (started by Wilver_AR in C:\Users\arana\OneDrive\Documentos\GitHub\crud_csv-backend)
2023-12-19T01:09:14.660-05:00  INFO 10340 --- [CRUD.CSV] [           main] c.i.c.CrudCsvBackendApplicationTests     : No active profile set, falling back to 1 default profile: "default"
2023-12-19T01:09:16.447-05:00  INFO 10340 --- [CRUD.CSV] [           main] .s.d.r.c.RepositoryConfigurationDelegate : Bootstrapping Spring Data JPA repositories in DEFAULT mode.
2023-12-19T01:09:16.576-05:00  INFO 10340 --- [CRUD.CSV] [           main] .s.d.r.c.RepositoryConfigurationDelegate : Finished Spring Data repository scanning in 111 ms. Found 1 JPA repository interface.
2023-12-19T01:09:17.546-05:00  INFO 10340 --- [CRUD.CSV] [           main] o.hibernate.jpa.internal.util.LogHelper  : HHH000204: Processing PersistenceUnitInfo [name: default]
2023-12-19T01:09:17.734-05:00  INFO 10340 --- [CRUD.CSV] [           main] org.hibernate.Version                    : HHH000412: Hibernate ORM core version 6.3.1.Final
2023-12-19T01:09:17.833-05:00  INFO 10340 --- [CRUD.CSV] [           main] o.h.c.internal.RegionFactoryInitiator    : HHH000026: Second-level cache disabled
2023-12-19T01:09:18.421-05:00  INFO 10340 --- [CRUD.CSV] [           main] o.s.o.j.p.SpringPersistenceUnitInfo      : No LoadTimeWeaver setup: ignoring JPA class transformer
2023-12-19T01:09:18.484-05:00  INFO 10340 --- [CRUD.CSV] [           main] com.zaxxer.hikari.HikariDataSource       : HikariPool-1 - Starting...
2023-12-19T01:09:20.957-05:00  INFO 10340 --- [CRUD.CSV] [           main] com.zaxxer.hikari.pool.HikariPool        : HikariPool-1 - Added connection com.mysql.cj.jdbc.ConnectionImpl@3451fc88
2023-12-19T01:09:20.961-05:00  INFO 10340 --- [CRUD.CSV] [           main] com.zaxxer.hikari.HikariDataSource       : HikariPool-1 - Start completed.
2023-12-19T01:09:22.992-05:00  INFO 10340 --- [CRUD.CSV] [           main] o.h.e.t.j.p.i.JtaPlatformInitiator       : HHH000489: No JTA platform available (set 'hibernate.transaction.jta.platform' to enable JTA platform integration)
2023-12-19T01:09:23.529-05:00  INFO 10340 --- [CRUD.CSV] [           main] j.LocalContainerEntityManagerFactoryBean : Initialized JPA EntityManagerFactory for persistence unit 'default'
2023-12-19T01:09:25.587-05:00  INFO 10340 --- [CRUD.CSV] [           main] c.i.c.CrudCsvBackendApplicationTests     : Started CrudCsvBackendApplicationTests in 11.535 seconds (process running for 13.644)
]]></system-out>
    <system-err><![CDATA[WARNING: A Java agent has been loaded dynamically (C:\Users\arana\.m2\repository\net\bytebuddy\byte-buddy-agent\1.14.10\byte-buddy-agent-1.14.10.jar)
WARNING: If a serviceability tool is in use, please run with -XX:+EnableDynamicAgentLoading to hide this warning
WARNING: If a serviceability tool is not in use, please run with -Djdk.instrument.traceUsage for more information
WARNING: Dynamic loading of agents will be disallowed by default in a future release
]]></system-err>
  </testcase>
</testsuite>